casualgames/social_sdk_library_project/build/outputs/logs/manifest-merger-debug-report.txt
-- Merging decision tree log ---
manifest
ADDED from casualgames\social_sdk_library_project\AndroidManifest.xml:1:1-13:12
INJECTED from casualgames\social_sdk_library_project\AndroidManifest.xml:1:1-13:12
INJECTED from casualgames\social_sdk_library_project\AndroidManifest.xml:1:1-13:12
INJECTED from casualgames\social_sdk_library_project\AndroidManifest.xml:1:1-13:12
INJECTED from casualgames\social_sdk_library_project\AndroidManifest.xml:1:1-13:12
INJECTED from casualgames\social_sdk_library_project\AndroidManifest.xml:1:1-13:12
INJECTED from casualgames\social_sdk_library_project\AndroidManifest.xml:1:1-13:12
	package
		ADDED from casualgames\social_sdk_library_project\AndroidManifest.xml:2:5-43
		INJECTED from casualgames\social_sdk_library_project\AndroidManifest.xml
		INJECTED from casualgames\social_sdk_library_project\AndroidManifest.xml
	android:versionName
		ADDED from casualgames\social_sdk_library_project\AndroidManifest.xml:4:5-30
		INJECTED from casualgames\social_sdk_library_project\AndroidManifest.xml
		INJECTED from casualgames\social_sdk_library_project\AndroidManifest.xml
	xmlns:android
		ADDED from casualgames\social_sdk_library_project\AndroidManifest.xml:1:11-69
	android:versionCode
		ADDED from casualgames\social_sdk_library_project\AndroidManifest.xml:3:5-28
		INJECTED from casualgames\social_sdk_library_project\AndroidManifest.xml
		INJECTED from casualgames\social_sdk_library_project\AndroidManifest.xml
uses-sdk
ADDED from casualgames\social_sdk_library_project\AndroidManifest.xml:6:5-8:41
INJECTED from casualgames\social_sdk_library_project\AndroidManifest.xml:6:5-8:41
INJECTED from casualgames\social_sdk_library_project\AndroidManifest.xml:6:5-8:41
INJECTED from casualgames\social_sdk_library_project\AndroidManifest.xml:6:5-8:41
INJECTED from casualgames\social_sdk_library_project\AndroidManifest.xml:6:5-8:41
	android:targetSdkVersion
		ADDED from casualgames\social_sdk_library_project\AndroidManifest.xml:8:9-38
		INJECTED from casualgames\social_sdk_library_project\AndroidManifest.xml
		INJECTED from casualgames\social_sdk_library_project\AndroidManifest.xml
	android:minSdkVersion
		ADDED from casualgames\social_sdk_library_project\AndroidManifest.xml:7:9-34
		INJECTED from casualgames\social_sdk_library_project\AndroidManifest.xml
		INJECTED from casualgames\social_sdk_library_project\AndroidManifest.xml
application
ADDED from casualgames\social_sdk_library_project\AndroidManifest.xml:10:5-11:19
	android:allowBackup
		ADDED from casualgames\social_sdk_library_project\AndroidManifest.xml:10:18-44